# JRE version: Java(TM) SE Runtime Environment (9.0+11) (build 9.0.1+11)
# Java VM: Java HotSpot(TM) 64-Bit Server VM (9.0.1+11, mixed mode, tiered, compressed oops, g1 gc, windows-amd64)
Heap:
 garbage-first heap   total 262144K, used 197544K [0x00000000e0000000, 0x00000000e0100800, 0x0000000100000000)
  region size 1024K, 148 young (151552K), 5 survivors (5120K)
 Metaspace       used 45116K, capacity 47096K, committed 47232K, reserved 1091584K
  class space    used 5599K, capacity 5975K, committed 6016K, reserved 1048576K
GC Heap History (10 events):
Event: 10.628 GC heap before
{Heap before GC invocations=1 (full 0):
 garbage-first heap   total 262144K, used 42081K [0x00000000e0000000, 0x00000000e0100800, 0x0000000100000000)
  region size 1024K, 33 young (33792K), 3 survivors (3072K)
 Metaspace       used 10846K, capacity 11266K, committed 11520K, reserved 1058816K
  class space    used 1131K, capacity 1224K, committed 1280K, reserved 1048576K
}
Event: 10.634 GC heap after
{Heap after GC invocations=2 (full 0):
 garbage-first heap   total 262144K, used 16197K [0x00000000e0000000, 0x00000000e0100800, 0x0000000100000000)
  region size 1024K, 5 young (5120K), 5 survivors (5120K)
 Metaspace       used 10846K, capacity 11266K, committed 11520K, reserved 1058816K
  class space    used 1131K, capacity 1224K, committed 1280K, reserved 1048576K
}
Event: 15.328 GC heap before
{Heap before GC invocations=2 (full 0):
 garbage-first heap   total 262144K, used 56133K [0x00000000e0000000, 0x00000000e0100800, 0x0000000100000000)
  region size 1024K, 44 young (45056K), 5 survivors (5120K)
 Metaspace       used 16270K, capacity 16910K, committed 17152K, reserved 1064960K
  class space    used 1880K, capacity 2011K, committed 2048K, reserved 1048576K
}
Event: 15.335 GC heap after
{Heap after GC invocations=3 (full 0):
 garbage-first heap   total 262144K, used 20004K [0x00000000e0000000, 0x00000000e0100800, 0x0000000100000000)
  region size 1024K, 5 young (5120K), 5 survivors (5120K)
 Metaspace       used 16270K, capacity 16910K, committed 17152K, reserved 1064960K
  class space    used 1880K, capacity 2011K, committed 2048K, reserved 1048576K
}
Event: 21.286 GC heap before
{Heap before GC invocations=3 (full 0):
 garbage-first heap   total 262144K, used 68132K [0x00000000e0000000, 0x00000000e0100800, 0x0000000100000000)
  region size 1024K, 53 young (54272K), 5 survivors (5120K)
 Metaspace       used 20290K, capacity 21158K, committed 21296K, reserved 1069056K
  class space    used 2495K, capacity 2661K, committed 2688K, reserved 1048576K
}
Event: 21.293 GC heap after
{Heap after GC invocations=4 (full 0):
 garbage-first heap   total 262144K, used 22449K [0x00000000e0000000, 0x00000000e0100800, 0x0000000100000000)
  region size 1024K, 7 young (7168K), 7 survivors (7168K)
 Metaspace       used 20290K, capacity 21158K, committed 21296K, reserved 1069056K
  class space    used 2495K, capacity 2661K, committed 2688K, reserved 1048576K
}
Event: 47.205 GC heap before
{Heap before GC invocations=5 (full 0):
 garbage-first heap   total 262144K, used 182193K [0x00000000e0000000, 0x00000000e0100800, 0x0000000100000000)
  region size 1024K, 153 young (156672K), 7 survivors (7168K)
 Metaspace       used 29813K, capacity 31188K, committed 31488K, reserved 1077248K
  class space    used 4026K, capacity 4324K, committed 4352K, reserved 1048576K
}
Event: 47.223 GC heap after
{Heap after GC invocations=6 (full 0):
 garbage-first heap   total 262144K, used 42955K [0x00000000e0000000, 0x00000000e0100800, 0x0000000100000000)
  region size 1024K, 17 young (17408K), 17 survivors (17408K)
 Metaspace       used 29813K, capacity 31188K, committed 31488K, reserved 1077248K
  class space    used 4026K, capacity 4324K, committed 4352K, reserved 1048576K
}
Event: 62.768 GC heap before
{Heap before GC invocations=6 (full 0):
 garbage-first heap   total 262144K, used 58315K [0x00000000e0000000, 0x00000000e0100800, 0x0000000100000000)
  region size 1024K, 33 young (33792K), 17 survivors (17408K)
 Metaspace       used 34130K, capacity 35532K, committed 35708K, reserved 1081344K
  class space    used 4465K, capacity 4787K, committed 4864K, reserved 1048576K
}
Event: 62.777 GC heap after
{Heap after GC invocations=7 (full 0):
 garbage-first heap   total 262144K, used 38824K [0x00000000e0000000, 0x00000000e0100800, 0x0000000100000000)
  region size 1024K, 5 young (5120K), 5 survivors (5120K)
 Metaspace       used 34130K, capacity 35532K, committed 35708K, reserved 1081344K
  class space    used 4465K, capacity 4787K, committed 4864K, reserved 1048576K
}

