# JRE version: OpenJDK Runtime Environment JBR-11.0.14.1.1-2043.25-dcevm (11.0.14.1+1) (build 11.0.14.1+1-b2043.25)
# Java VM: Dynamic Code Evolution 64-Bit Server VM JBR-11.0.14.1.1-2043.25-dcevm (11.0.14.1+1-b2043.25, mixed mode, tiered, compressed oops, g1 gc, windows-amd64)
Heap:
 garbage-first heap   total 262144K, used 57598K [0x00000000e0000000, 0x0000000100000000)
  region size 1024K, 28 young (28672K), 12 survivors (12288K)
 Metaspace       used 42354K, capacity 43412K, committed 43648K, reserved 292864K
  class space    used 5397K, capacity 5755K, committed 5760K, reserved 253952K
GC Heap History (10 events):
Event: 48.714 GC heap before
{Heap before GC invocations=0 (full 0):
 garbage-first heap   total 262144K, used 29696K [0x00000000e0000000, 0x0000000100000000)
  region size 1024K, 24 young (24576K), 0 survivors (0K)
 Metaspace       used 10480K, capacity 10788K, committed 11008K, reserved 264192K
  class space    used 1088K, capacity 1169K, committed 1280K, reserved 253952K
}
Event: 48.838 GC heap after
{Heap after GC invocations=1 (full 0):
 garbage-first heap   total 262144K, used 9535K [0x00000000e0000000, 0x0000000100000000)
  region size 1024K, 3 young (3072K), 3 survivors (3072K)
 Metaspace       used 10480K, capacity 10788K, committed 11008K, reserved 264192K
  class space    used 1088K, capacity 1169K, committed 1280K, reserved 253952K
}
Event: 50.119 GC heap before
{Heap before GC invocations=1 (full 0):
 garbage-first heap   total 262144K, used 19775K [0x00000000e0000000, 0x0000000100000000)
  region size 1024K, 13 young (13312K), 3 survivors (3072K)
 Metaspace       used 11524K, capacity 11810K, committed 12032K, reserved 266240K
  class space    used 1203K, capacity 1275K, committed 1280K, reserved 253952K
}
Event: 50.122 GC heap after
{Heap after GC invocations=2 (full 0):
 garbage-first heap   total 262144K, used 10069K [0x00000000e0000000, 0x0000000100000000)
  region size 1024K, 1 young (1024K), 1 survivors (1024K)
 Metaspace       used 11524K, capacity 11810K, committed 12032K, reserved 266240K
  class space    used 1203K, capacity 1275K, committed 1280K, reserved 253952K
}
Event: 59.344 GC heap before
{Heap before GC invocations=2 (full 0):
 garbage-first heap   total 262144K, used 45909K [0x00000000e0000000, 0x0000000100000000)
  region size 1024K, 35 young (35840K), 1 survivors (1024K)
 Metaspace       used 12309K, capacity 12638K, committed 12800K, reserved 266240K
  class space    used 1349K, capacity 1444K, committed 1536K, reserved 253952K
}
Event: 59.347 GC heap after
{Heap after GC invocations=3 (full 0):
 garbage-first heap   total 262144K, used 14512K [0x00000000e0000000, 0x0000000100000000)
  region size 1024K, 5 young (5120K), 5 survivors (5120K)
 Metaspace       used 12309K, capacity 12638K, committed 12800K, reserved 266240K
  class space    used 1349K, capacity 1444K, committed 1536K, reserved 253952K
}
Event: 67.096 GC heap before
{Heap before GC invocations=3 (full 0):
 garbage-first heap   total 262144K, used 57520K [0x00000000e0000000, 0x0000000100000000)
  region size 1024K, 48 young (49152K), 5 survivors (5120K)
 Metaspace       used 20751K, capacity 21240K, committed 21296K, reserved 274432K
  class space    used 2554K, capacity 2684K, committed 2688K, reserved 253952K
}
Event: 67.113 GC heap after
{Heap after GC invocations=4 (full 0):
 garbage-first heap   total 262144K, used 17486K [0x00000000e0000000, 0x0000000100000000)
  region size 1024K, 3 young (3072K), 3 survivors (3072K)
 Metaspace       used 20751K, capacity 21240K, committed 21296K, reserved 274432K
  class space    used 2554K, capacity 2684K, committed 2688K, reserved 253952K
}
Event: 99.494 GC heap before
{Heap before GC invocations=5 (full 0):
 garbage-first heap   total 262144K, used 93262K [0x00000000e0000000, 0x0000000100000000)
  region size 1024K, 67 young (68608K), 3 survivors (3072K)
 Metaspace       used 28350K, capacity 29147K, committed 29440K, reserved 280576K
  class space    used 3751K, capacity 4016K, committed 4096K, reserved 253952K
}
Event: 99.504 GC heap after
{Heap after GC invocations=6 (full 0):
 garbage-first heap   total 262144K, used 32880K [0x00000000e0000000, 0x0000000100000000)
  region size 1024K, 7 young (7168K), 7 survivors (7168K)
 Metaspace       used 28350K, capacity 29147K, committed 29440K, reserved 280576K
  class space    used 3751K, capacity 4016K, committed 4096K, reserved 253952K
}

