# JRE version: OpenJDK Runtime Environment JBR-11.0.14.1.1-2043.25-dcevm (11.0.14.1+1) (build 11.0.14.1+1-b2043.25)
# Java VM: Dynamic Code Evolution 64-Bit Server VM JBR-11.0.14.1.1-2043.25-dcevm (11.0.14.1+1-b2043.25, mixed mode, tiered, compressed oops, g1 gc, windows-amd64)
Heap:
 garbage-first heap   total 262144K, used 186705K [0x00000000e0000000, 0x0000000100000000)
  region size 1024K, 115 young (117760K), 15 survivors (15360K)
 Metaspace       used 77525K, capacity 80192K, committed 80424K, reserved 323584K
  class space    used 9985K, capacity 10853K, committed 10892K, reserved 253952K
GC Heap History (20 events):
Event: 205.688 GC heap before
{Heap before GC invocations=4 (full 0):
 garbage-first heap   total 262144K, used 40596K [0x00000000e0000000, 0x0000000100000000)
  region size 1024K, 30 young (30720K), 5 survivors (5120K)
 Metaspace       used 20731K, capacity 21167K, committed 21296K, reserved 274432K
  class space    used 2554K, capacity 2682K, committed 2688K, reserved 253952K
}
Event: 205.743 GC heap after
{Heap after GC invocations=5 (full 0):
 garbage-first heap   total 262144K, used 17172K [0x00000000e0000000, 0x0000000100000000)
  region size 1024K, 1 young (1024K), 1 survivors (1024K)
 Metaspace       used 20731K, capacity 21167K, committed 21296K, reserved 274432K
  class space    used 2554K, capacity 2682K, committed 2688K, reserved 253952K
}
Event: 219.747 GC heap before
{Heap before GC invocations=6 (full 0):
 garbage-first heap   total 262144K, used 65300K [0x00000000e0000000, 0x0000000100000000)
  region size 1024K, 49 young (50176K), 1 survivors (1024K)
 Metaspace       used 26432K, capacity 27053K, committed 27264K, reserved 278528K
  class space    used 3425K, capacity 3627K, committed 3712K, reserved 253952K
}
Event: 219.750 GC heap after
{Heap after GC invocations=7 (full 0):
 garbage-first heap   total 262144K, used 19033K [0x00000000e0000000, 0x0000000100000000)
  region size 1024K, 3 young (3072K), 3 survivors (3072K)
 Metaspace       used 26432K, capacity 27053K, committed 27264K, reserved 278528K
  class space    used 3425K, capacity 3627K, committed 3712K, reserved 253952K
}
Event: 227.800 GC heap before
{Heap before GC invocations=7 (full 0):
 garbage-first heap   total 262144K, used 107097K [0x00000000e0000000, 0x0000000100000000)
  region size 1024K, 79 young (80896K), 3 survivors (3072K)
 Metaspace       used 34566K, capacity 35528K, committed 35712K, reserved 284672K
  class space    used 4670K, capacity 4985K, committed 4992K, reserved 253952K
}
Event: 227.806 GC heap after
{Heap after GC invocations=8 (full 0):
 garbage-first heap   total 262144K, used 34967K [0x00000000e0000000, 0x0000000100000000)
  region size 1024K, 8 young (8192K), 8 survivors (8192K)
 Metaspace       used 34566K, capacity 35528K, committed 35712K, reserved 284672K
  class space    used 4670K, capacity 4985K, committed 4992K, reserved 253952K
}
Event: 228.422 GC heap before
{Heap before GC invocations=8 (full 0):
 garbage-first heap   total 262144K, used 37015K [0x00000000e0000000, 0x0000000100000000)
  region size 1024K, 11 young (11264K), 8 survivors (8192K)
 Metaspace       used 34983K, capacity 35912K, committed 36048K, reserved 286720K
  class space    used 4738K, capacity 5049K, committed 5120K, reserved 253952K
}
Event: 228.431 GC heap after
{Heap after GC invocations=9 (full 0):
 garbage-first heap   total 262144K, used 35688K [0x00000000e0000000, 0x0000000100000000)
  region size 1024K, 8 young (8192K), 8 survivors (8192K)
 Metaspace       used 34983K, capacity 35912K, committed 36048K, reserved 286720K
  class space    used 4738K, capacity 5049K, committed 5120K, reserved 253952K
}
Event: 247.278 GC heap before
{Heap before GC invocations=10 (full 0):
 garbage-first heap   total 262144K, used 155496K [0x00000000e0000000, 0x0000000100000000)
  region size 1024K, 113 young (115712K), 8 survivors (8192K)
 Metaspace       used 47217K, capacity 48512K, committed 48720K, reserved 296960K
  class space    used 5967K, capacity 6423K, committed 6528K, reserved 253952K
}
Event: 247.295 GC heap after
{Heap after GC invocations=11 (full 0):
 garbage-first heap   total 262144K, used 54238K [0x00000000e0000000, 0x0000000100000000)
  region size 1024K, 15 young (15360K), 15 survivors (15360K)
 Metaspace       used 47217K, capacity 48512K, committed 48720K, reserved 296960K
  class space    used 5967K, capacity 6423K, committed 6528K, reserved 253952K
}
Event: 259.224 GC heap before
{Heap before GC invocations=11 (full 0):
 garbage-first heap   total 262144K, used 169950K [0x00000000e0000000, 0x0000000100000000)
  region size 1024K, 128 young (131072K), 15 survivors (15360K)
 Metaspace       used 56486K, capacity 58101K, committed 58448K, reserved 305152K
  class space    used 7408K, capacity 7965K, committed 8064K, reserved 253952K
}
Event: 259.240 GC heap after
{Heap after GC invocations=12 (full 0):
 garbage-first heap   total 262144K, used 61191K [0x00000000e0000000, 0x0000000100000000)
  region size 1024K, 16 young (16384K), 16 survivors (16384K)
 Metaspace       used 56486K, capacity 58101K, committed 58448K, reserved 305152K
  class space    used 7408K, capacity 7965K, committed 8064K, reserved 253952K
}
Event: 260.026 GC heap before
{Heap before GC invocations=12 (full 0):
 garbage-first heap   total 262144K, used 93959K [0x00000000e0000000, 0x0000000100000000)
  region size 1024K, 49 young (50176K), 16 survivors (16384K)
 Metaspace       used 58572K, capacity 60353K, committed 60508K, reserved 307200K
  class space    used 7727K, capacity 8330K, committed 8332K, reserved 253952K
}
Event: 260.040 GC heap after
{Heap after GC invocations=13 (full 0):
 garbage-first heap   total 262144K, used 64065K [0x00000000e0000000, 0x0000000100000000)
  region size 1024K, 10 young (10240K), 10 survivors (10240K)
 Metaspace       used 58572K, capacity 60353K, committed 60508K, reserved 307200K
  class space    used 7727K, capacity 8330K, committed 8332K, reserved 253952K
}
Event: 270.802 GC heap before
{Heap before GC invocations=14 (full 0):
 garbage-first heap   total 262144K, used 185921K [0x00000000e0000000, 0x0000000100000000)
  region size 1024K, 129 young (132096K), 10 survivors (10240K)
 Metaspace       used 63939K, capacity 65927K, committed 66088K, reserved 311296K
  class space    used 8342K, capacity 9027K, committed 9100K, reserved 253952K
}
Event: 270.815 GC heap after
{Heap after GC invocations=15 (full 0):
 garbage-first heap   total 262144K, used 70656K [0x00000000e0000000, 0x0000000100000000)
  region size 1024K, 16 young (16384K), 16 survivors (16384K)
 Metaspace       used 63939K, capacity 65927K, committed 66088K, reserved 311296K
  class space    used 8342K, capacity 9027K, committed 9100K, reserved 253952K
}
Event: 274.052 GC heap before
{Heap before GC invocations=15 (full 0):
 garbage-first heap   total 262144K, used 203776K [0x00000000e0000000, 0x0000000100000000)
  region size 1024K, 146 young (149504K), 16 survivors (16384K)
 Metaspace       used 70087K, capacity 72373K, committed 72616K, reserved 317440K
  class space    used 9134K, capacity 9948K, committed 9996K, reserved 253952K
}
Event: 274.072 GC heap after
{Heap after GC invocations=16 (full 0):
 garbage-first heap   total 262144K, used 77484K [0x00000000e0000000, 0x0000000100000000)
  region size 1024K, 17 young (17408K), 17 survivors (17408K)
 Metaspace       used 70087K, capacity 72373K, committed 72616K, reserved 317440K
  class space    used 9134K, capacity 9948K, committed 9996K, reserved 253952K
}
Event: 1469.187 GC heap before
{Heap before GC invocations=16 (full 0):
 garbage-first heap   total 262144K, used 205484K [0x00000000e0000000, 0x0000000100000000)
  region size 1024K, 143 young (146432K), 17 survivors (17408K)
 Metaspace       used 76414K, capacity 78901K, committed 79016K, reserved 323584K
  class space    used 9915K, capacity 10746K, committed 10764K, reserved 253952K
}
Event: 1469.218 GC heap after
{Heap after GC invocations=17 (full 0):
 garbage-first heap   total 262144K, used 85329K [0x00000000e0000000, 0x0000000100000000)
  region size 1024K, 15 young (15360K), 15 survivors (15360K)
 Metaspace       used 76414K, capacity 78901K, committed 79016K, reserved 323584K
  class space    used 9915K, capacity 10746K, committed 10764K, reserved 253952K
}

